<?xml version="1.0" encoding="UTF-8"?>
<!-- Generated by org.testng.reporters.JUnitReportReporter -->
<testsuite hostname="DESKTOP-36MJOC5" failures="0" tests="1" name="testcases.TC01" time="46.111" errors="0" timestamp="2023-02-23T10:40:29 IST" skipped="0">
  <testcase classname="testcases.TC01" name="case1" time="46.111"/>
  <system-out/>
</testsuite> <!-- testcases.TC01 -->
